<?xml version="1.0" encoding="UTF-8"?>
<!-- Generated by org.testng.reporters.JUnitReportReporter -->
<testsuite hostname="AbhiSneh" failures="0" tests="2" name="cucumber.Options.RunCucumberTests" time="13.736" errors="0" timestamp="2021-08-30T02:35:48 CEST" skipped="0">
  <testcase classname="cucumber.Options.RunCucumberTests" name="runScenario" time="8.375"/>
  <system-out/>
  <testcase classname="cucumber.Options.RunCucumberTests" name="runScenario" time="5.361"/>
  <system-out/>
</testsuite> <!-- cucumber.Options.RunCucumberTests -->
